<?xml version="1.0" encoding="UTF-8"?>
<!-- Generated by org.testng.reporters.JUnitReportReporter -->
<testsuite skipped="0" hostname="DESKTOP-CRNK7O3" name="demo2.mavenproj2.Demo" tests="1" failures="0" timestamp="2022-01-09T16:22:15 IST" time="0.007" errors="0">
  <testcase name="demo" time="0.007" classname="demo2.mavenproj2.Demo"/>
  <system-out/>
</testsuite> <!-- demo2.mavenproj2.Demo -->
